0 info it worked if it ends with ok
1 verbose cli [ '/home/tim/.nvm/versions/node/v5.0.0/bin/node',
1 verbose cli   '/home/tim/.nvm/versions/node/v5.0.0/bin/npm',
1 verbose cli   'start' ]
2 info using npm@3.3.6
3 info using node@v5.0.0
4 verbose stack Error: Failed to parse json
4 verbose stack Unexpected token '\'' at 2:3
4 verbose stack   'name': 'fswd-winter-2016-lab-3',
4 verbose stack   ^
4 verbose stack     at parseError (/home/tim/.nvm/versions/node/v5.0.0/lib/node_modules/npm/node_modules/read-package-json/read-json.js:379:11)
4 verbose stack     at parseJson (/home/tim/.nvm/versions/node/v5.0.0/lib/node_modules/npm/node_modules/read-package-json/read-json.js:68:23)
4 verbose stack     at /home/tim/.nvm/versions/node/v5.0.0/lib/node_modules/npm/node_modules/read-package-json/read-json.js:48:5
4 verbose stack     at /home/tim/.nvm/versions/node/v5.0.0/lib/node_modules/npm/node_modules/graceful-fs/graceful-fs.js:76:16
4 verbose stack     at tryToString (fs.js:414:3)
4 verbose stack     at FSReqWrap.readFileAfterClose [as oncomplete] (fs.js:401:12)
5 verbose cwd /home/tim/betamore/fswd-lab-3
6 error Linux 4.4.0-36-generic
7 error argv "/home/tim/.nvm/versions/node/v5.0.0/bin/node" "/home/tim/.nvm/versions/node/v5.0.0/bin/npm" "start"
8 error node v5.0.0
9 error npm  v3.3.6
10 error file /home/tim/betamore/fswd-lab-3/package.json
11 error code EJSONPARSE
12 error Failed to parse json
12 error Unexpected token '\'' at 2:3
12 error   'name': 'fswd-winter-2016-lab-3',
12 error   ^
13 error File: /home/tim/betamore/fswd-lab-3/package.json
14 error Failed to parse package.json data.
14 error package.json must be actual JSON, not just JavaScript.
14 error
14 error This is not a bug in npm.
14 error Tell the package author to fix their package.json file. JSON.parse
15 verbose exit [ 1, true ]
